Using pre-set license
Built from '2020.3/staging' branch; Version is '2020.3.3f1 (76626098c1c4) revision 7758432'; Using compiler version '192528614'; Build Type 'Release'
OS: 'Windows 10 Home; OS build 19043.1288; Version 2009; 64bit' Language: 'ru' Physical Memory: 16338 MB
BatchMode: 1, IsHumanControllingUs: 0, StartBugReporterOnCrash: 0, Is64bit: 1, IsPro: 0

 COMMAND LINE ARGUMENTS:
D:\Unity\2020.3.3f1\Editor\Unity.exe
-adb2
-batchMode
-noUpm
-name
AssetImportWorker0
-projectPath
D:/Unity Projects/BattleOfKingdoms
-logFile
Logs/AssetImportWorker0.log
-srvPort
64426
Successfully changed project path to: D:/Unity Projects/BattleOfKingdoms
D:/Unity Projects/BattleOfKingdoms
Using Asset Import Pipeline V2.
Refreshing native plugins compatible for Editor in 33.48 ms, found 0 plugins.
Preloading 0 native plugins for Editor in 0.00 ms.
Initialize engine version: 2020.3.3f1 (76626098c1c4)
[Subsystems] Discovering subsystems at path D:/Unity/2020.3.3f1/Editor/Data/Resources/UnitySubsystems
[Subsystems] Discovering subsystems at path D:/Unity Projects/BattleOfKingdoms/Assets
GfxDevice: creating device client; threaded=0
Direct3D:
    Version:  Direct3D 11.0 [level 11.1]
    Renderer: NVIDIA GeForce GTX 1070 (ID=0x1b81)
    Vendor:   
    VRAM:     8088 MB
    Driver:   30.0.15.1179
Initialize mono
Mono path[0] = 'D:/Unity/2020.3.3f1/Editor/Data/Managed'
Mono path[1] = 'D:/Unity/2020.3.3f1/Editor/Data/MonoBleedingEdge/lib/mono/unityjit'
Mono config path = 'D:/Unity/2020.3.3f1/Editor/Data/MonoBleedingEdge/etc'
Using monoOptions --debugger-agent=transport=dt_socket,embedding=1,server=y,suspend=n,address=127.0.0.1:56260
Begin MonoManager ReloadAssembly
Registering precompiled unity dll's ...
Register platform support module: D:/Unity/2020.3.3f1/Editor/Data/PlaybackEngines/WindowsStandaloneSupport/UnityEditor.WindowsStandalone.Extensions.dll
Registered in 0.001166 seconds.
Native extension for WindowsStandalone target not found
Refreshing native plugins compatible for Editor in 29.66 ms, found 0 plugins.
Preloading 0 native plugins for Editor in 0.00 ms.
Invoked RoslynAnalysisRunner static constructor.
RoslynAnalysisRunner will not be running.
RoslynAnalysisRunner has terminated.
Mono: successfully reloaded assembly
- Completed reload, in  1.103 seconds
Platform modules already initialized, skipping
Registering precompiled user dll's ...
Registered in 0.007176 seconds.
Begin MonoManager ReloadAssembly
Native extension for WindowsStandalone target not found
Refreshing native plugins compatible for Editor in 0.37 ms, found 0 plugins.
Preloading 0 native plugins for Editor in 0.00 ms.
Invoked RoslynAnalysisRunner static constructor.
RoslynAnalysisRunner will not be running.
RoslynAnalysisRunner has terminated.
Mono: successfully reloaded assembly
- Completed reload, in  0.960 seconds
Platform modules already initialized, skipping
========================================================================
Worker process is ready to serve import requests
Launched and connected shader compiler UnityShaderCompiler.exe after 0.08 seconds
Refreshing native plugins compatible for Editor in 0.38 ms, found 0 plugins.
Preloading 0 native plugins for Editor in 0.00 ms.
Unloading 1469 Unused Serialized files (Serialized files now loaded: 0)
System memory in use before: 83.8 MB.
System memory in use after: 83.9 MB.

Unloading 28 unused Assets to reduce memory usage. Loaded Objects now: 1952.
Total: 2.648300 ms (FindLiveObjects: 0.315400 ms CreateObjectMapping: 0.157700 ms MarkObjects: 2.049800 ms  DeleteObjects: 0.123800 ms)

========================================================================
Received Import Request.
  path: ProjectSettings/TagManager.asset
  artifactKey: Guid(00000000000000003000000000000000) Importer(815301076,1909f56bfc062723c751e8b465ee728b)
Start importing ProjectSettings/TagManager.asset using Guid(00000000000000003000000000000000) Importer(815301076,1909f56bfc062723c751e8b465ee728b)  -> (artifact id: '9274ce4079a5137dd04f6e6c4d809583') in 0.051795 seconds
  Import took 0.054549 seconds .

========================================================================
Received Import Request.
  Time since last request: 284.965222 seconds.
  path: Assets/Resources/Prefab/GameEntitiesPrefab/Resource Cards/ResourceCard.prefab
  artifactKey: Guid(a3b9393502c6b63468c6200817be34b0) Importer(815301076,1909f56bfc062723c751e8b465ee728b)
Start importing Assets/Resources/Prefab/GameEntitiesPrefab/Resource Cards/ResourceCard.prefab using Guid(a3b9393502c6b63468c6200817be34b0) Importer(815301076,1909f56bfc062723c751e8b465ee728b)  -> (artifact id: 'b3002756599b3d39f5931ceba6c2cba8') in 0.148759 seconds
  Import took 0.152369 seconds .

========================================================================
Received Import Request.
  Time since last request: 5.140847 seconds.
  path: Assets/Resources/Prefab/GameEntitiesPrefab/Resource Cards/ResourceCard.prefab
  artifactKey: Guid(a3b9393502c6b63468c6200817be34b0) Importer(815301076,1909f56bfc062723c751e8b465ee728b)
Start importing Assets/Resources/Prefab/GameEntitiesPrefab/Resource Cards/ResourceCard.prefab using Guid(a3b9393502c6b63468c6200817be34b0) Importer(815301076,1909f56bfc062723c751e8b465ee728b)  -> (artifact id: '788414233303b538336c086533dd3447') in 0.034792 seconds
  Import took 0.038699 seconds .

========================================================================
Received Import Request.
  Time since last request: 5.876033 seconds.
  path: Assets/Resources/Prefab/GameEntitiesPrefab/Resource Cards/ResourceCard.prefab
  artifactKey: Guid(a3b9393502c6b63468c6200817be34b0) Importer(815301076,1909f56bfc062723c751e8b465ee728b)
Start importing Assets/Resources/Prefab/GameEntitiesPrefab/Resource Cards/ResourceCard.prefab using Guid(a3b9393502c6b63468c6200817be34b0) Importer(815301076,1909f56bfc062723c751e8b465ee728b)  -> (artifact id: 'cbbec9286ec03e9a660522fbd40bab1f') in 0.032713 seconds
  Import took 0.036016 seconds .

========================================================================
Received Import Request.
  Time since last request: 0.001124 seconds.
  path: Assets/Resources/Prefab/GameEntitiesPrefab/Resource Cards/ResourceCard.prefab
  artifactKey: Guid(a3b9393502c6b63468c6200817be34b0) Importer(815301076,1909f56bfc062723c751e8b465ee728b)
Start importing Assets/Resources/Prefab/GameEntitiesPrefab/Resource Cards/ResourceCard.prefab using Guid(a3b9393502c6b63468c6200817be34b0) Importer(815301076,1909f56bfc062723c751e8b465ee728b)  -> (artifact id: 'cbbec9286ec03e9a660522fbd40bab1f') in 0.028438 seconds
  Import took 0.031358 seconds .

========================================================================
Received Import Request.
  Time since last request: 22.898192 seconds.
  path: Assets/Resources/Prefab/GameEntitiesPrefab/Resource Cards/ResourceCard.prefab
  artifactKey: Guid(a3b9393502c6b63468c6200817be34b0) Importer(815301076,1909f56bfc062723c751e8b465ee728b)
Start importing Assets/Resources/Prefab/GameEntitiesPrefab/Resource Cards/ResourceCard.prefab using Guid(a3b9393502c6b63468c6200817be34b0) Importer(815301076,1909f56bfc062723c751e8b465ee728b)  -> (artifact id: 'a191f5bbe35471bedc8429f7d9c589e7') in 0.033786 seconds
  Import took 0.036647 seconds .

========================================================================
Received Import Request.
  Time since last request: 27.109986 seconds.
  path: Assets/Scripts/ScriptKing/Entities/CardBehaviours/EventCard.cs
  artifactKey: Guid(2557a0abbc2e0d344adc3d6380bc5c8e) Importer(815301076,1909f56bfc062723c751e8b465ee728b)
Start importing Assets/Scripts/ScriptKing/Entities/CardBehaviours/EventCard.cs using Guid(2557a0abbc2e0d344adc3d6380bc5c8e) Importer(815301076,1909f56bfc062723c751e8b465ee728b)  -> (artifact id: 'f0e56dde17538455780f70f55682b198') in 0.018403 seconds
  Import took 0.021804 seconds .

========================================================================
Received Import Request.
  Time since last request: 0.002477 seconds.
  path: Assets/Scripts/ScriptKing/Entities/CardBehaviours/EventCard.cs
  artifactKey: Guid(2557a0abbc2e0d344adc3d6380bc5c8e) Importer(815301076,1909f56bfc062723c751e8b465ee728b)
Start importing Assets/Scripts/ScriptKing/Entities/CardBehaviours/EventCard.cs using Guid(2557a0abbc2e0d344adc3d6380bc5c8e) Importer(815301076,1909f56bfc062723c751e8b465ee728b)  -> (artifact id: 'f0e56dde17538455780f70f55682b198') in 0.001995 seconds
  Import took 0.004811 seconds .

========================================================================
Received Import Request.
  Time since last request: 0.329566 seconds.
  path: Assets/Scripts/ScriptKing/Entities/CardBehaviours/ResourceCard.cs
  artifactKey: Guid(42f4b8a932da8ab4ebdbd062d07421de) Importer(815301076,1909f56bfc062723c751e8b465ee728b)
Start importing Assets/Scripts/ScriptKing/Entities/CardBehaviours/ResourceCard.cs using Guid(42f4b8a932da8ab4ebdbd062d07421de) Importer(815301076,1909f56bfc062723c751e8b465ee728b)  -> (artifact id: '88c6947a0d52db1faea7999037e88ac7') in 0.002235 seconds
  Import took 0.043042 seconds .

========================================================================
Received Import Request.
  Time since last request: 0.001078 seconds.
  path: Assets/Scripts/ScriptKing/Entities/CardBehaviours/ResourceCard.cs
  artifactKey: Guid(42f4b8a932da8ab4ebdbd062d07421de) Importer(815301076,1909f56bfc062723c751e8b465ee728b)
Start importing Assets/Scripts/ScriptKing/Entities/CardBehaviours/ResourceCard.cs using Guid(42f4b8a932da8ab4ebdbd062d07421de) Importer(815301076,1909f56bfc062723c751e8b465ee728b)  -> (artifact id: '88c6947a0d52db1faea7999037e88ac7') in 0.001975 seconds
  Import took 0.004407 seconds .

========================================================================
Received Import Request.
  Time since last request: 90.997393 seconds.
  path: Assets/Scripts/ScriptKing/Entities/CardBehaviours/ResourceCard.cs
  artifactKey: Guid(42f4b8a932da8ab4ebdbd062d07421de) Importer(815301076,1909f56bfc062723c751e8b465ee728b)
Start importing Assets/Scripts/ScriptKing/Entities/CardBehaviours/ResourceCard.cs using Guid(42f4b8a932da8ab4ebdbd062d07421de) Importer(815301076,1909f56bfc062723c751e8b465ee728b)  -> (artifact id: '1b17da03a2f6a126de2872ffb88e8178') in 0.003127 seconds
  Import took 0.006381 seconds .

========================================================================
Received Prepare
Registering precompiled user dll's ...
Registered in 0.007291 seconds.
Begin MonoManager ReloadAssembly
Native extension for WindowsStandalone target not found
Refreshing native plugins compatible for Editor in 0.57 ms, found 0 plugins.
Preloading 0 native plugins for Editor in 0.00 ms.
Invoked RoslynAnalysisRunner static constructor.
RoslynAnalysisRunner will not be running.
RoslynAnalysisRunner has terminated.
Mono: successfully reloaded assembly
- Completed reload, in  0.960 seconds
Platform modules already initialized, skipping
Refreshing native plugins compatible for Editor in 0.49 ms, found 0 plugins.
Preloading 0 native plugins for Editor in 0.00 ms.
Unloading 1449 Unused Serialized files (Serialized files now loaded: 0)
System memory in use before: 85.6 MB.
System memory in use after: 85.6 MB.

Unloading 26 unused Assets to reduce memory usage. Loaded Objects now: 1963.
Total: 1.923000 ms (FindLiveObjects: 0.147500 ms CreateObjectMapping: 0.052600 ms MarkObjects: 1.613300 ms  DeleteObjects: 0.108700 ms)

========================================================================
Received Prepare
Registering precompiled user dll's ...
Registered in 0.009965 seconds.
Begin MonoManager ReloadAssembly
Native extension for WindowsStandalone target not found
Refreshing native plugins compatible for Editor in 0.65 ms, found 0 plugins.
Preloading 0 native plugins for Editor in 0.00 ms.
Invoked RoslynAnalysisRunner static constructor.
RoslynAnalysisRunner will not be running.
RoslynAnalysisRunner has terminated.
Mono: successfully reloaded assembly
- Completed reload, in  0.878 seconds
Platform modules already initialized, skipping
Refreshing native plugins compatible for Editor in 0.35 ms, found 0 plugins.
Preloading 0 native plugins for Editor in 0.00 ms.
Unloading 1449 Unused Serialized files (Serialized files now loaded: 0)
System memory in use before: 85.6 MB.
System memory in use after: 85.7 MB.

Unloading 23 unused Assets to reduce memory usage. Loaded Objects now: 1967.
Total: 1.960000 ms (FindLiveObjects: 0.201500 ms CreateObjectMapping: 0.056000 ms MarkObjects: 1.600000 ms  DeleteObjects: 0.101500 ms)

========================================================================
Received Import Request.
  Time since last request: 167.056604 seconds.
  path: Assets/Scripts/ScriptKing/Entities/CardBehaviours/EventCard.cs
  artifactKey: Guid(2557a0abbc2e0d344adc3d6380bc5c8e) Importer(815301076,1909f56bfc062723c751e8b465ee728b)
Start importing Assets/Scripts/ScriptKing/Entities/CardBehaviours/EventCard.cs using Guid(2557a0abbc2e0d344adc3d6380bc5c8e) Importer(815301076,1909f56bfc062723c751e8b465ee728b)  -> (artifact id: '8103fe855c835960956e55ab2f2dbb91') in 0.004575 seconds
  Import took 0.007240 seconds .

========================================================================
Received Prepare
Registering precompiled user dll's ...
Registered in 0.007313 seconds.
Begin MonoManager ReloadAssembly
Native extension for WindowsStandalone target not found
Refreshing native plugins compatible for Editor in 0.34 ms, found 0 plugins.
Preloading 0 native plugins for Editor in 0.00 ms.
Invoked RoslynAnalysisRunner static constructor.
RoslynAnalysisRunner will not be running.
RoslynAnalysisRunner has terminated.
Mono: successfully reloaded assembly
- Completed reload, in  0.883 seconds
Platform modules already initialized, skipping
Refreshing native plugins compatible for Editor in 0.36 ms, found 0 plugins.
Preloading 0 native plugins for Editor in 0.00 ms.
Unloading 1449 Unused Serialized files (Serialized files now loaded: 0)
System memory in use before: 85.6 MB.
System memory in use after: 85.7 MB.

Unloading 23 unused Assets to reduce memory usage. Loaded Objects now: 1971.
Total: 1.823600 ms (FindLiveObjects: 0.163900 ms CreateObjectMapping: 0.052200 ms MarkObjects: 1.506600 ms  DeleteObjects: 0.100000 ms)

========================================================================
Received Prepare
Registering precompiled user dll's ...
Registered in 0.007865 seconds.
Begin MonoManager ReloadAssembly
Native extension for WindowsStandalone target not found
Refreshing native plugins compatible for Editor in 0.46 ms, found 0 plugins.
Preloading 0 native plugins for Editor in 0.00 ms.
Invoked RoslynAnalysisRunner static constructor.
RoslynAnalysisRunner will not be running.
RoslynAnalysisRunner has terminated.
Mono: successfully reloaded assembly
- Completed reload, in  0.953 seconds
Platform modules already initialized, skipping
Refreshing native plugins compatible for Editor in 0.49 ms, found 0 plugins.
Preloading 0 native plugins for Editor in 0.00 ms.
Unloading 1449 Unused Serialized files (Serialized files now loaded: 0)
System memory in use before: 85.6 MB.
System memory in use after: 85.7 MB.

Unloading 23 unused Assets to reduce memory usage. Loaded Objects now: 1975.
Total: 2.980000 ms (FindLiveObjects: 0.191000 ms CreateObjectMapping: 0.094500 ms MarkObjects: 2.623500 ms  DeleteObjects: 0.069900 ms)

========================================================================
Received Prepare
Registering precompiled user dll's ...
Registered in 0.008426 seconds.
Begin MonoManager ReloadAssembly
Native extension for WindowsStandalone target not found
Refreshing native plugins compatible for Editor in 0.35 ms, found 0 plugins.
Preloading 0 native plugins for Editor in 0.00 ms.
Invoked RoslynAnalysisRunner static constructor.
RoslynAnalysisRunner will not be running.
RoslynAnalysisRunner has terminated.
Mono: successfully reloaded assembly
- Completed reload, in  0.892 seconds
Platform modules already initialized, skipping
Refreshing native plugins compatible for Editor in 0.41 ms, found 0 plugins.
Preloading 0 native plugins for Editor in 0.00 ms.
Unloading 1449 Unused Serialized files (Serialized files now loaded: 0)
System memory in use before: 85.6 MB.
System memory in use after: 85.7 MB.

Unloading 23 unused Assets to reduce memory usage. Loaded Objects now: 1979.
Total: 2.212100 ms (FindLiveObjects: 0.257300 ms CreateObjectMapping: 0.094300 ms MarkObjects: 1.769600 ms  DeleteObjects: 0.089200 ms)

========================================================================
Received Prepare
Registering precompiled user dll's ...
Registered in 0.007358 seconds.
Begin MonoManager ReloadAssembly
Native extension for WindowsStandalone target not found
Refreshing native plugins compatible for Editor in 0.36 ms, found 0 plugins.
Preloading 0 native plugins for Editor in 0.00 ms.
Invoked RoslynAnalysisRunner static constructor.
RoslynAnalysisRunner will not be running.
RoslynAnalysisRunner has terminated.
Mono: successfully reloaded assembly
- Completed reload, in  0.883 seconds
Platform modules already initialized, skipping
Refreshing native plugins compatible for Editor in 0.38 ms, found 0 plugins.
Preloading 0 native plugins for Editor in 0.00 ms.
Unloading 1449 Unused Serialized files (Serialized files now loaded: 0)
System memory in use before: 85.6 MB.
System memory in use after: 85.7 MB.

Unloading 23 unused Assets to reduce memory usage. Loaded Objects now: 1983.
Total: 2.198200 ms (FindLiveObjects: 0.195400 ms CreateObjectMapping: 0.059300 ms MarkObjects: 1.856400 ms  DeleteObjects: 0.085800 ms)

========================================================================
Received Import Request.
  Time since last request: 286.661458 seconds.
  path: Assets/Scenes/Game.unity
  artifactKey: Guid(172baa3eb2cf6af40a34dc8cb158de97) Importer(815301076,1909f56bfc062723c751e8b465ee728b)
Start importing Assets/Scenes/Game.unity using Guid(172baa3eb2cf6af40a34dc8cb158de97) Importer(815301076,1909f56bfc062723c751e8b465ee728b)  -> (artifact id: '844841258d01aef177fccf09e0fd7984') in 0.015887 seconds
  Import took 0.018819 seconds .

========================================================================
Received Import Request.
  Time since last request: 34.125337 seconds.
  path: Assets/Resources/Prefab/GameEntitiesPrefab/Event Cards/EventCard.prefab
  artifactKey: Guid(bf5d2b1842ec6e845b35157cdfc57a03) Importer(815301076,1909f56bfc062723c751e8b465ee728b)
Start importing Assets/Resources/Prefab/GameEntitiesPrefab/Event Cards/EventCard.prefab using Guid(bf5d2b1842ec6e845b35157cdfc57a03) Importer(815301076,1909f56bfc062723c751e8b465ee728b)  -> (artifact id: 'b4a19ca9139b9dd7279fec6957dd9685') in 0.111130 seconds
  Import took 0.114751 seconds .

========================================================================
Received Import Request.
  Time since last request: 0.000208 seconds.
  path: Assets/Resources/Prefab/GameEntitiesPrefab/Event Cards/EventCard.prefab
  artifactKey: Guid(bf5d2b1842ec6e845b35157cdfc57a03) Importer(815301076,1909f56bfc062723c751e8b465ee728b)
Start importing Assets/Resources/Prefab/GameEntitiesPrefab/Event Cards/EventCard.prefab using Guid(bf5d2b1842ec6e845b35157cdfc57a03) Importer(815301076,1909f56bfc062723c751e8b465ee728b)  -> (artifact id: 'b4a19ca9139b9dd7279fec6957dd9685') in 0.031545 seconds
  Import took 0.034808 seconds .

========================================================================
Received Import Request.
  Time since last request: 5.860998 seconds.
  path: Assets/Resources/Prefab/GameEntitiesPrefab/Event Cards/EventCard.prefab
  artifactKey: Guid(bf5d2b1842ec6e845b35157cdfc57a03) Importer(815301076,1909f56bfc062723c751e8b465ee728b)
Start importing Assets/Resources/Prefab/GameEntitiesPrefab/Event Cards/EventCard.prefab using Guid(bf5d2b1842ec6e845b35157cdfc57a03) Importer(815301076,1909f56bfc062723c751e8b465ee728b)  -> (artifact id: '1eafae46e7878a6a910d10552baa760b') in 0.032744 seconds
  Import took 0.036624 seconds .

========================================================================
Received Import Request.
  Time since last request: 4.545961 seconds.
  path: Assets/Resources/Prefab/GameEntitiesPrefab/Event Cards/EventCard.prefab
  artifactKey: Guid(bf5d2b1842ec6e845b35157cdfc57a03) Importer(815301076,1909f56bfc062723c751e8b465ee728b)
Start importing Assets/Resources/Prefab/GameEntitiesPrefab/Event Cards/EventCard.prefab using Guid(bf5d2b1842ec6e845b35157cdfc57a03) Importer(815301076,1909f56bfc062723c751e8b465ee728b)  -> (artifact id: 'c2e5094d58efff864645251f9e008486') in 0.072106 seconds
  Import took 0.076238 seconds .

========================================================================
Received Prepare
Registering precompiled user dll's ...
Registered in 0.008366 seconds.
Begin MonoManager ReloadAssembly
Native extension for WindowsStandalone target not found
Refreshing native plugins compatible for Editor in 0.35 ms, found 0 plugins.
Preloading 0 native plugins for Editor in 0.00 ms.
Invoked RoslynAnalysisRunner static constructor.
RoslynAnalysisRunner will not be running.
RoslynAnalysisRunner has terminated.
Mono: successfully reloaded assembly
- Completed reload, in  0.874 seconds
Platform modules already initialized, skipping
Refreshing native plugins compatible for Editor in 0.62 ms, found 0 plugins.
Preloading 0 native plugins for Editor in 0.00 ms.
Unloading 1449 Unused Serialized files (Serialized files now loaded: 0)
System memory in use before: 85.7 MB.
System memory in use after: 85.7 MB.

Unloading 24 unused Assets to reduce memory usage. Loaded Objects now: 1988.
Total: 2.049600 ms (FindLiveObjects: 0.171100 ms CreateObjectMapping: 0.051600 ms MarkObjects: 1.718500 ms  DeleteObjects: 0.107400 ms)

========================================================================
Received Prepare
Registering precompiled user dll's ...
Registered in 0.008385 seconds.
Begin MonoManager ReloadAssembly
Native extension for WindowsStandalone target not found
Refreshing native plugins compatible for Editor in 0.37 ms, found 0 plugins.
Preloading 0 native plugins for Editor in 0.00 ms.
Invoked RoslynAnalysisRunner static constructor.
RoslynAnalysisRunner will not be running.
RoslynAnalysisRunner has terminated.
Mono: successfully reloaded assembly
- Completed reload, in  0.885 seconds
Platform modules already initialized, skipping
Refreshing native plugins compatible for Editor in 0.40 ms, found 0 plugins.
Preloading 0 native plugins for Editor in 0.00 ms.
Unloading 1449 Unused Serialized files (Serialized files now loaded: 0)
System memory in use before: 85.7 MB.
System memory in use after: 85.7 MB.

Unloading 23 unused Assets to reduce memory usage. Loaded Objects now: 1992.
Total: 2.209300 ms (FindLiveObjects: 0.301300 ms CreateObjectMapping: 0.106600 ms MarkObjects: 1.715500 ms  DeleteObjects: 0.084400 ms)

========================================================================
Received Import Request.
  Time since last request: 91.904764 seconds.
  path: Assets/Resources/Prefab/GameEntitiesPrefab/Resource Cards/ResourceCard.prefab
  artifactKey: Guid(a3b9393502c6b63468c6200817be34b0) Importer(815301076,1909f56bfc062723c751e8b465ee728b)
Start importing Assets/Resources/Prefab/GameEntitiesPrefab/Resource Cards/ResourceCard.prefab using Guid(a3b9393502c6b63468c6200817be34b0) Importer(815301076,1909f56bfc062723c751e8b465ee728b)  -> (artifact id: 'b721f0d71fc7cb144f9935d2a5b86bb0') in 0.098205 seconds
  Import took 0.100732 seconds .

========================================================================
Received Prepare
Registering precompiled user dll's ...
Registered in 0.006905 seconds.
Begin MonoManager ReloadAssembly
Native extension for WindowsStandalone target not found
Refreshing native plugins compatible for Editor in 0.35 ms, found 0 plugins.
Preloading 0 native plugins for Editor in 0.00 ms.
Invoked RoslynAnalysisRunner static constructor.
RoslynAnalysisRunner will not be running.
RoslynAnalysisRunner has terminated.
Mono: successfully reloaded assembly
- Completed reload, in  0.830 seconds
Platform modules already initialized, skipping
Refreshing native plugins compatible for Editor in 0.35 ms, found 0 plugins.
Preloading 0 native plugins for Editor in 0.00 ms.
Unloading 1449 Unused Serialized files (Serialized files now loaded: 0)
System memory in use before: 85.7 MB.
System memory in use after: 85.8 MB.

Unloading 25 unused Assets to reduce memory usage. Loaded Objects now: 1997.
Total: 1.784900 ms (FindLiveObjects: 0.210200 ms CreateObjectMapping: 0.055900 ms MarkObjects: 1.413200 ms  DeleteObjects: 0.104700 ms)

========================================================================
Received Import Request.
  Time since last request: 86.481613 seconds.
  path: Assets/Resources/Prefab/GameEntitiesPrefab/Player.prefab
  artifactKey: Guid(6125ec49ccd90944fac9cc2f7dcc92a1) Importer(815301076,1909f56bfc062723c751e8b465ee728b)
Start importing Assets/Resources/Prefab/GameEntitiesPrefab/Player.prefab using Guid(6125ec49ccd90944fac9cc2f7dcc92a1) Importer(815301076,1909f56bfc062723c751e8b465ee728b)  -> (artifact id: '83bfbf36f4cb840807a8508742803d41') in 0.105588 seconds
  Import took 0.109344 seconds .

========================================================================
Received Prepare
Registering precompiled user dll's ...
Registered in 0.008608 seconds.
Begin MonoManager ReloadAssembly
Native extension for WindowsStandalone target not found
Refreshing native plugins compatible for Editor in 0.35 ms, found 0 plugins.
Preloading 0 native plugins for Editor in 0.00 ms.
Invoked RoslynAnalysisRunner static constructor.
RoslynAnalysisRunner will not be running.
RoslynAnalysisRunner has terminated.
Mono: successfully reloaded assembly
- Completed reload, in  0.918 seconds
Platform modules already initialized, skipping
Refreshing native plugins compatible for Editor in 0.36 ms, found 0 plugins.
Preloading 0 native plugins for Editor in 0.00 ms.
Unloading 1449 Unused Serialized files (Serialized files now loaded: 0)
System memory in use before: 85.7 MB.
System memory in use after: 85.8 MB.

Unloading 25 unused Assets to reduce memory usage. Loaded Objects now: 2003.
Total: 1.773500 ms (FindLiveObjects: 0.161000 ms CreateObjectMapping: 0.043300 ms MarkObjects: 1.467700 ms  DeleteObjects: 0.100700 ms)

========================================================================
Received Import Request.
  Time since last request: 15.720044 seconds.
  path: Assets/Resources/Prefab/GameEntitiesPrefab/Resource Cards/ResourceCard.prefab
  artifactKey: Guid(a3b9393502c6b63468c6200817be34b0) Importer(815301076,1909f56bfc062723c751e8b465ee728b)
Start importing Assets/Resources/Prefab/GameEntitiesPrefab/Resource Cards/ResourceCard.prefab using Guid(a3b9393502c6b63468c6200817be34b0) Importer(815301076,1909f56bfc062723c751e8b465ee728b)  -> (artifact id: '74e79bb06c17ee3a047cd9ab653688b1') in 0.174230 seconds
  Import took 0.180645 seconds .

========================================================================
Received Import Request.
  Time since last request: 20.450467 seconds.
  path: Assets/Resources/Prefab/GameEntitiesPrefab/Event Cards/EventCard.prefab
  artifactKey: Guid(bf5d2b1842ec6e845b35157cdfc57a03) Importer(815301076,1909f56bfc062723c751e8b465ee728b)
Start importing Assets/Resources/Prefab/GameEntitiesPrefab/Event Cards/EventCard.prefab using Guid(bf5d2b1842ec6e845b35157cdfc57a03) Importer(815301076,1909f56bfc062723c751e8b465ee728b)  -> (artifact id: '5770ae6939ac9d1bda8504994c490281') in 0.038126 seconds
  Import took 0.041501 seconds .

========================================================================
Received Import Request.
  Time since last request: 13.765091 seconds.
  path: Assets/Resources/Prefab/GameEntitiesPrefab/Resource Cards/ResourceCard.prefab
  artifactKey: Guid(a3b9393502c6b63468c6200817be34b0) Importer(815301076,1909f56bfc062723c751e8b465ee728b)
Start importing Assets/Resources/Prefab/GameEntitiesPrefab/Resource Cards/ResourceCard.prefab using Guid(a3b9393502c6b63468c6200817be34b0) Importer(815301076,1909f56bfc062723c751e8b465ee728b)  -> (artifact id: '8a9f4cdff3b1836eeac909abec98dfff') in 0.031204 seconds
  Import took 0.034153 seconds .

========================================================================
Received Prepare
Registering precompiled user dll's ...
Registered in 0.010541 seconds.
Begin MonoManager ReloadAssembly
Native extension for WindowsStandalone target not found
Refreshing native plugins compatible for Editor in 0.52 ms, found 0 plugins.
Preloading 0 native plugins for Editor in 0.00 ms.
Invoked RoslynAnalysisRunner static constructor.
RoslynAnalysisRunner will not be running.
RoslynAnalysisRunner has terminated.
Mono: successfully reloaded assembly
- Completed reload, in  1.184 seconds
Platform modules already initialized, skipping
Refreshing native plugins compatible for Editor in 0.94 ms, found 0 plugins.
Preloading 0 native plugins for Editor in 0.00 ms.
Unloading 1449 Unused Serialized files (Serialized files now loaded: 0)
System memory in use before: 85.8 MB.
System memory in use after: 85.8 MB.

Unloading 25 unused Assets to reduce memory usage. Loaded Objects now: 2008.
Total: 2.801000 ms (FindLiveObjects: 0.284400 ms CreateObjectMapping: 0.113500 ms MarkObjects: 2.280500 ms  DeleteObjects: 0.112900 ms)

========================================================================
Received Import Request.
  Time since last request: 300.864645 seconds.
  path: Assets/Scenes/Game.unity
  artifactKey: Guid(172baa3eb2cf6af40a34dc8cb158de97) Importer(815301076,1909f56bfc062723c751e8b465ee728b)
Start importing Assets/Scenes/Game.unity using Guid(172baa3eb2cf6af40a34dc8cb158de97) Importer(815301076,1909f56bfc062723c751e8b465ee728b)  -> (artifact id: '55ac16f8367d03516da9e1964faee19a') in 0.013174 seconds
  Import took 0.016667 seconds .

========================================================================
Received Prepare
Registering precompiled user dll's ...
Registered in 0.007937 seconds.
Begin MonoManager ReloadAssembly
Native extension for WindowsStandalone target not found
Refreshing native plugins compatible for Editor in 0.34 ms, found 0 plugins.
Preloading 0 native plugins for Editor in 0.00 ms.
Invoked RoslynAnalysisRunner static constructor.
RoslynAnalysisRunner will not be running.
RoslynAnalysisRunner has terminated.
Mono: successfully reloaded assembly
- Completed reload, in  0.846 seconds
Platform modules already initialized, skipping
Refreshing native plugins compatible for Editor in 0.41 ms, found 0 plugins.
Preloading 0 native plugins for Editor in 0.00 ms.
Unloading 1449 Unused Serialized files (Serialized files now loaded: 0)
System memory in use before: 85.8 MB.
System memory in use after: 85.9 MB.

Unloading 23 unused Assets to reduce memory usage. Loaded Objects now: 2012.
Total: 2.040900 ms (FindLiveObjects: 0.198700 ms CreateObjectMapping: 0.065000 ms MarkObjects: 1.671800 ms  DeleteObjects: 0.104200 ms)

========================================================================
Received Import Request.
  Time since last request: 110.176369 seconds.
  path: Assets/Resources/Prefab/GameEntitiesPrefab/Player.prefab
  artifactKey: Guid(6125ec49ccd90944fac9cc2f7dcc92a1) Importer(815301076,1909f56bfc062723c751e8b465ee728b)
Start importing Assets/Resources/Prefab/GameEntitiesPrefab/Player.prefab using Guid(6125ec49ccd90944fac9cc2f7dcc92a1) Importer(815301076,1909f56bfc062723c751e8b465ee728b)  -> (artifact id: 'd5a59291b0d48901fff85a94509b6b4b') in 0.121507 seconds
  Import took 0.124929 seconds .

========================================================================
Received Prepare
Registering precompiled user dll's ...
Registered in 0.006845 seconds.
Begin MonoManager ReloadAssembly
Native extension for WindowsStandalone target not found
Refreshing native plugins compatible for Editor in 0.36 ms, found 0 plugins.
Preloading 0 native plugins for Editor in 0.00 ms.
Invoked RoslynAnalysisRunner static constructor.
RoslynAnalysisRunner will not be running.
RoslynAnalysisRunner has terminated.
Mono: successfully reloaded assembly
- Completed reload, in  0.872 seconds
Platform modules already initialized, skipping
Refreshing native plugins compatible for Editor in 0.35 ms, found 0 plugins.
Preloading 0 native plugins for Editor in 0.00 ms.
Unloading 1449 Unused Serialized files (Serialized files now loaded: 0)
System memory in use before: 85.8 MB.
System memory in use after: 85.9 MB.

Unloading 25 unused Assets to reduce memory usage. Loaded Objects now: 2017.
Total: 1.952800 ms (FindLiveObjects: 0.167700 ms CreateObjectMapping: 0.052600 ms MarkObjects: 1.644100 ms  DeleteObjects: 0.087300 ms)

========================================================================
Received Import Request.
  Time since last request: 58.064054 seconds.
  path: Assets/Resources/Prefab/GameEntitiesPrefab/Player.prefab
  artifactKey: Guid(6125ec49ccd90944fac9cc2f7dcc92a1) Importer(815301076,1909f56bfc062723c751e8b465ee728b)
Start importing Assets/Resources/Prefab/GameEntitiesPrefab/Player.prefab using Guid(6125ec49ccd90944fac9cc2f7dcc92a1) Importer(815301076,1909f56bfc062723c751e8b465ee728b)  -> (artifact id: 'd082637decf20c121ca1303e35ed584e') in 0.110763 seconds
  Import took 0.113864 seconds .

========================================================================
Received Import Request.
  Time since last request: 1.250085 seconds.
  path: Assets/Resources/Prefab/GameEntitiesPrefab/Player.prefab
  artifactKey: Guid(6125ec49ccd90944fac9cc2f7dcc92a1) Importer(815301076,1909f56bfc062723c751e8b465ee728b)
Start importing Assets/Resources/Prefab/GameEntitiesPrefab/Player.prefab using Guid(6125ec49ccd90944fac9cc2f7dcc92a1) Importer(815301076,1909f56bfc062723c751e8b465ee728b)  -> (artifact id: '60bc907a5c62ff5586879cc5c775e70f') in 0.031299 seconds
  Import took 0.034823 seconds .

========================================================================
Received Prepare
Registering precompiled user dll's ...
Registered in 0.006825 seconds.
Begin MonoManager ReloadAssembly
Native extension for WindowsStandalone target not found
Refreshing native plugins compatible for Editor in 0.35 ms, found 0 plugins.
Preloading 0 native plugins for Editor in 0.00 ms.
Invoked RoslynAnalysisRunner static constructor.
RoslynAnalysisRunner will not be running.
RoslynAnalysisRunner has terminated.
Mono: successfully reloaded assembly
- Completed reload, in  0.910 seconds
Platform modules already initialized, skipping
Refreshing native plugins compatible for Editor in 0.35 ms, found 0 plugins.
Preloading 0 native plugins for Editor in 0.00 ms.
Unloading 1449 Unused Serialized files (Serialized files now loaded: 0)
System memory in use before: 85.8 MB.
System memory in use after: 85.9 MB.

Unloading 25 unused Assets to reduce memory usage. Loaded Objects now: 2022.
Total: 2.176800 ms (FindLiveObjects: 0.291500 ms CreateObjectMapping: 0.142500 ms MarkObjects: 1.634800 ms  DeleteObjects: 0.106900 ms)

========================================================================
Received Import Request.
  Time since last request: 187.125239 seconds.
  path: Assets/Resources/Prefab/GameEntitiesPrefab/Player.prefab
  artifactKey: Guid(6125ec49ccd90944fac9cc2f7dcc92a1) Importer(815301076,1909f56bfc062723c751e8b465ee728b)
Start importing Assets/Resources/Prefab/GameEntitiesPrefab/Player.prefab using Guid(6125ec49ccd90944fac9cc2f7dcc92a1) Importer(815301076,1909f56bfc062723c751e8b465ee728b)  -> (artifact id: 'af498bad35ce56894ca3e8cc6e70282d') in 0.118162 seconds
  Import took 0.121035 seconds .

========================================================================
Received Import Request.
  Time since last request: 14.425664 seconds.
  path: Assets/Resources/Prefab/GameEntitiesPrefab/Player.prefab
  artifactKey: Guid(6125ec49ccd90944fac9cc2f7dcc92a1) Importer(815301076,1909f56bfc062723c751e8b465ee728b)
Start importing Assets/Resources/Prefab/GameEntitiesPrefab/Player.prefab using Guid(6125ec49ccd90944fac9cc2f7dcc92a1) Importer(815301076,1909f56bfc062723c751e8b465ee728b)  -> (artifact id: '1a5640c8caca9abce643d390419bccb0') in 0.029881 seconds
  Import took 0.032891 seconds .

========================================================================
Received Import Request.
  Time since last request: 3.631581 seconds.
  path: Assets/Resources/Prefab/GameEntitiesPrefab/Player.prefab
  artifactKey: Guid(6125ec49ccd90944fac9cc2f7dcc92a1) Importer(815301076,1909f56bfc062723c751e8b465ee728b)
Start importing Assets/Resources/Prefab/GameEntitiesPrefab/Player.prefab using Guid(6125ec49ccd90944fac9cc2f7dcc92a1) Importer(815301076,1909f56bfc062723c751e8b465ee728b)  -> (artifact id: '2115ea94ce2a5f69c85f2fe3f4ad761c') in 0.031764 seconds
  Import took 0.034644 seconds .

========================================================================
Received Import Request.
  Time since last request: 5.212447 seconds.
  path: Assets/Resources/Prefab/GameEntitiesPrefab/Player.prefab
  artifactKey: Guid(6125ec49ccd90944fac9cc2f7dcc92a1) Importer(815301076,1909f56bfc062723c751e8b465ee728b)
Start importing Assets/Resources/Prefab/GameEntitiesPrefab/Player.prefab using Guid(6125ec49ccd90944fac9cc2f7dcc92a1) Importer(815301076,1909f56bfc062723c751e8b465ee728b)  -> (artifact id: 'cc985a3262405fa3aab0ff5cfa2a6a6d') in 0.030349 seconds
  Import took 0.033198 seconds .

========================================================================
Received Import Request.
  Time since last request: 6.810680 seconds.
  path: Assets/Resources/Prefab/GameEntitiesPrefab/Player.prefab
  artifactKey: Guid(6125ec49ccd90944fac9cc2f7dcc92a1) Importer(815301076,1909f56bfc062723c751e8b465ee728b)
Start importing Assets/Resources/Prefab/GameEntitiesPrefab/Player.prefab using Guid(6125ec49ccd90944fac9cc2f7dcc92a1) Importer(815301076,1909f56bfc062723c751e8b465ee728b)  -> (artifact id: '796deb48b31ce7f463909583517f43f5') in 0.033281 seconds
  Import took 0.036484 seconds .

========================================================================
Received Import Request.
  Time since last request: 37.512724 seconds.
  path: Assets/Resources/Prefab/GameEntitiesPrefab/Player.prefab
  artifactKey: Guid(6125ec49ccd90944fac9cc2f7dcc92a1) Importer(815301076,1909f56bfc062723c751e8b465ee728b)
Start importing Assets/Resources/Prefab/GameEntitiesPrefab/Player.prefab using Guid(6125ec49ccd90944fac9cc2f7dcc92a1) Importer(815301076,1909f56bfc062723c751e8b465ee728b)  -> (artifact id: '1095f9034994191fb373bdc086ef9a2d') in 0.034275 seconds
  Import took 0.038630 seconds .

========================================================================
Received Import Request.
  Time since last request: 2.186560 seconds.
  path: Assets/Resources/Prefab/GameEntitiesPrefab/Player.prefab
  artifactKey: Guid(6125ec49ccd90944fac9cc2f7dcc92a1) Importer(815301076,1909f56bfc062723c751e8b465ee728b)
Start importing Assets/Resources/Prefab/GameEntitiesPrefab/Player.prefab using Guid(6125ec49ccd90944fac9cc2f7dcc92a1) Importer(815301076,1909f56bfc062723c751e8b465ee728b)  -> (artifact id: 'd2dae23e8810158d4b403d88969fcfec') in 0.029565 seconds
  Import took 0.032699 seconds .

========================================================================
Received Import Request.
  Time since last request: 2.182218 seconds.
  path: Assets/Resources/Prefab/GameEntitiesPrefab/Player.prefab
  artifactKey: Guid(6125ec49ccd90944fac9cc2f7dcc92a1) Importer(815301076,1909f56bfc062723c751e8b465ee728b)
Start importing Assets/Resources/Prefab/GameEntitiesPrefab/Player.prefab using Guid(6125ec49ccd90944fac9cc2f7dcc92a1) Importer(815301076,1909f56bfc062723c751e8b465ee728b)  -> (artifact id: '1f1f4ef772f136b7c078e37ed226e97c') in 0.032447 seconds
  Import took 0.035949 seconds .

========================================================================
Received Import Request.
  Time since last request: 2.819834 seconds.
  path: Assets/Resources/Prefab/GameEntitiesPrefab/Player.prefab
  artifactKey: Guid(6125ec49ccd90944fac9cc2f7dcc92a1) Importer(815301076,1909f56bfc062723c751e8b465ee728b)
Start importing Assets/Resources/Prefab/GameEntitiesPrefab/Player.prefab using Guid(6125ec49ccd90944fac9cc2f7dcc92a1) Importer(815301076,1909f56bfc062723c751e8b465ee728b)  -> (artifact id: '6de6fa9cda1dd5101039081f7bef5653') in 0.031714 seconds
  Import took 0.034867 seconds .

========================================================================
Received Import Request.
  Time since last request: 0.740204 seconds.
  path: Assets/Resources/Prefab/GameEntitiesPrefab/Player.prefab
  artifactKey: Guid(6125ec49ccd90944fac9cc2f7dcc92a1) Importer(815301076,1909f56bfc062723c751e8b465ee728b)
Start importing Assets/Resources/Prefab/GameEntitiesPrefab/Player.prefab using Guid(6125ec49ccd90944fac9cc2f7dcc92a1) Importer(815301076,1909f56bfc062723c751e8b465ee728b)  -> (artifact id: '2ba2ed90a471168e0965b3f2d0d3429c') in 0.034983 seconds
  Import took 0.038234 seconds .

========================================================================
Received Import Request.
  Time since last request: 2.792953 seconds.
  path: Assets/Resources/Prefab/GameEntitiesPrefab/Player.prefab
  artifactKey: Guid(6125ec49ccd90944fac9cc2f7dcc92a1) Importer(815301076,1909f56bfc062723c751e8b465ee728b)
Start importing Assets/Resources/Prefab/GameEntitiesPrefab/Player.prefab using Guid(6125ec49ccd90944fac9cc2f7dcc92a1) Importer(815301076,1909f56bfc062723c751e8b465ee728b)  -> (artifact id: '3833594e8b8debbaa5577a94053532b0') in 0.033501 seconds
  Import took 0.037009 seconds .

========================================================================
Received Import Request.
  Time since last request: 5.613136 seconds.
  path: Assets/Resources/Prefab/GameEntitiesPrefab/Player.prefab
  artifactKey: Guid(6125ec49ccd90944fac9cc2f7dcc92a1) Importer(815301076,1909f56bfc062723c751e8b465ee728b)
Start importing Assets/Resources/Prefab/GameEntitiesPrefab/Player.prefab using Guid(6125ec49ccd90944fac9cc2f7dcc92a1) Importer(815301076,1909f56bfc062723c751e8b465ee728b)  -> (artifact id: 'ebe7d642ab9b1922c25774ae3062a74f') in 0.030472 seconds
  Import took 0.033753 seconds .

========================================================================
Received Import Request.
  Time since last request: 1.173488 seconds.
  path: Assets/Resources/Prefab/GameEntitiesPrefab/Player.prefab
  artifactKey: Guid(6125ec49ccd90944fac9cc2f7dcc92a1) Importer(815301076,1909f56bfc062723c751e8b465ee728b)
Start importing Assets/Resources/Prefab/GameEntitiesPrefab/Player.prefab using Guid(6125ec49ccd90944fac9cc2f7dcc92a1) Importer(815301076,1909f56bfc062723c751e8b465ee728b)  -> (artifact id: '31d076212837823cf27dacc923454cce') in 0.032243 seconds
  Import took 0.035520 seconds .

========================================================================
Received Import Request.
  Time since last request: 1.179723 seconds.
  path: Assets/Resources/Prefab/GameEntitiesPrefab/Player.prefab
  artifactKey: Guid(6125ec49ccd90944fac9cc2f7dcc92a1) Importer(815301076,1909f56bfc062723c751e8b465ee728b)
Start importing Assets/Resources/Prefab/GameEntitiesPrefab/Player.prefab using Guid(6125ec49ccd90944fac9cc2f7dcc92a1) Importer(815301076,1909f56bfc062723c751e8b465ee728b)  -> (artifact id: '096fa75db561ce07c4d021dd8904ccbd') in 0.034741 seconds
  Import took 0.038351 seconds .

========================================================================
Received Import Request.
  Time since last request: 6.010445 seconds.
  path: Assets/Resources/Prefab/GameEntitiesPrefab/Player.prefab
  artifactKey: Guid(6125ec49ccd90944fac9cc2f7dcc92a1) Importer(815301076,1909f56bfc062723c751e8b465ee728b)
Start importing Assets/Resources/Prefab/GameEntitiesPrefab/Player.prefab using Guid(6125ec49ccd90944fac9cc2f7dcc92a1) Importer(815301076,1909f56bfc062723c751e8b465ee728b)  -> (artifact id: '9d02aa935997042e1c5c7adbe3039393') in 0.036168 seconds
  Import took 0.039330 seconds .

========================================================================
Received Import Request.
  Time since last request: 4.393206 seconds.
  path: Assets/Resources/Prefab/GameEntitiesPrefab/Player.prefab
  artifactKey: Guid(6125ec49ccd90944fac9cc2f7dcc92a1) Importer(815301076,1909f56bfc062723c751e8b465ee728b)
Start importing Assets/Resources/Prefab/GameEntitiesPrefab/Player.prefab using Guid(6125ec49ccd90944fac9cc2f7dcc92a1) Importer(815301076,1909f56bfc062723c751e8b465ee728b)  -> (artifact id: '906dd8afa5ca8df1b1bdd911759c9a38') in 0.034252 seconds
  Import took 0.037729 seconds .

========================================================================
Received Import Request.
  Time since last request: 3.401983 seconds.
  path: Assets/Resources/Prefab/GameEntitiesPrefab/Player.prefab
  artifactKey: Guid(6125ec49ccd90944fac9cc2f7dcc92a1) Importer(815301076,1909f56bfc062723c751e8b465ee728b)
Start importing Assets/Resources/Prefab/GameEntitiesPrefab/Player.prefab using Guid(6125ec49ccd90944fac9cc2f7dcc92a1) Importer(815301076,1909f56bfc062723c751e8b465ee728b)  -> (artifact id: '561bdc8032433142da8c5fcb98da60b6') in 0.033565 seconds
  Import took 0.036768 seconds .

========================================================================
Received Import Request.
  Time since last request: 2.190247 seconds.
  path: Assets/Resources/Prefab/GameEntitiesPrefab/Player.prefab
  artifactKey: Guid(6125ec49ccd90944fac9cc2f7dcc92a1) Importer(815301076,1909f56bfc062723c751e8b465ee728b)
Start importing Assets/Resources/Prefab/GameEntitiesPrefab/Player.prefab using Guid(6125ec49ccd90944fac9cc2f7dcc92a1) Importer(815301076,1909f56bfc062723c751e8b465ee728b)  -> (artifact id: '1a17879101bd9956e600a683e17875d1') in 0.034626 seconds
  Import took 0.037721 seconds .

========================================================================
Received Import Request.
  Time since last request: 4.385434 seconds.
  path: Assets/Resources/Prefab/GameEntitiesPrefab/Player.prefab
  artifactKey: Guid(6125ec49ccd90944fac9cc2f7dcc92a1) Importer(815301076,1909f56bfc062723c751e8b465ee728b)
Start importing Assets/Resources/Prefab/GameEntitiesPrefab/Player.prefab using Guid(6125ec49ccd90944fac9cc2f7dcc92a1) Importer(815301076,1909f56bfc062723c751e8b465ee728b)  -> (artifact id: '8e145e9574d63c23f986e8284c8c7bd4') in 0.035247 seconds
  Import took 0.038303 seconds .

========================================================================
Received Prepare
Registering precompiled user dll's ...
Registered in 0.023751 seconds.
Begin MonoManager ReloadAssembly
Native extension for WindowsStandalone target not found
Refreshing native plugins compatible for Editor in 0.36 ms, found 0 plugins.
Preloading 0 native plugins for Editor in 0.00 ms.
Invoked RoslynAnalysisRunner static constructor.
RoslynAnalysisRunner will not be running.
RoslynAnalysisRunner has terminated.
Mono: successfully reloaded assembly
- Completed reload, in  0.934 seconds
Platform modules already initialized, skipping
Refreshing native plugins compatible for Editor in 0.35 ms, found 0 plugins.
Preloading 0 native plugins for Editor in 0.00 ms.
Unloading 1450 Unused Serialized files (Serialized files now loaded: 0)
System memory in use before: 85.9 MB.
System memory in use after: 85.9 MB.

Unloading 25 unused Assets to reduce memory usage. Loaded Objects now: 2028.
Total: 1.819800 ms (FindLiveObjects: 0.227500 ms CreateObjectMapping: 0.096700 ms MarkObjects: 1.412400 ms  DeleteObjects: 0.081800 ms)

========================================================================
Received Import Request.
  Time since last request: 61.415765 seconds.
  path: Assets/Resources/Prefab/GameEntitiesPrefab/Player.prefab
  artifactKey: Guid(6125ec49ccd90944fac9cc2f7dcc92a1) Importer(815301076,1909f56bfc062723c751e8b465ee728b)
Start importing Assets/Resources/Prefab/GameEntitiesPrefab/Player.prefab using Guid(6125ec49ccd90944fac9cc2f7dcc92a1) Importer(815301076,1909f56bfc062723c751e8b465ee728b)  -> (artifact id: '70e9b79dfaf6a82dd28b6e8e71296682') in 0.132427 seconds
  Import took 0.135976 seconds .

========================================================================
Received Prepare
Registering precompiled user dll's ...
Registered in 0.006858 seconds.
Begin MonoManager ReloadAssembly
Native extension for WindowsStandalone target not found
Refreshing native plugins compatible for Editor in 0.35 ms, found 0 plugins.
Preloading 0 native plugins for Editor in 0.00 ms.
Invoked RoslynAnalysisRunner static constructor.
RoslynAnalysisRunner will not be running.
RoslynAnalysisRunner has terminated.
Mono: successfully reloaded assembly
- Completed reload, in  0.895 seconds
Platform modules already initialized, skipping
Refreshing native plugins compatible for Editor in 0.35 ms, found 0 plugins.
Preloading 0 native plugins for Editor in 0.00 ms.
Unloading 1450 Unused Serialized files (Serialized files now loaded: 0)
System memory in use before: 85.9 MB.
System memory in use after: 86.0 MB.

Unloading 25 unused Assets to reduce memory usage. Loaded Objects now: 2033.
Total: 2.119200 ms (FindLiveObjects: 0.279600 ms CreateObjectMapping: 0.082000 ms MarkObjects: 1.637300 ms  DeleteObjects: 0.118800 ms)

========================================================================
Received Prepare
Registering precompiled user dll's ...
Registered in 0.007194 seconds.
Begin MonoManager ReloadAssembly
Native extension for WindowsStandalone target not found
Refreshing native plugins compatible for Editor in 0.38 ms, found 0 plugins.
Preloading 0 native plugins for Editor in 0.00 ms.
Invoked RoslynAnalysisRunner static constructor.
RoslynAnalysisRunner will not be running.
RoslynAnalysisRunner has terminated.
Mono: successfully reloaded assembly
- Completed reload, in  0.901 seconds
Platform modules already initialized, skipping
Refreshing native plugins compatible for Editor in 0.35 ms, found 0 plugins.
Preloading 0 native plugins for Editor in 0.00 ms.
Unloading 1450 Unused Serialized files (Serialized files now loaded: 0)
System memory in use before: 85.9 MB.
System memory in use after: 86.0 MB.

Unloading 23 unused Assets to reduce memory usage. Loaded Objects now: 2037.
Total: 1.933600 ms (FindLiveObjects: 0.266000 ms CreateObjectMapping: 0.076400 ms MarkObjects: 1.482700 ms  DeleteObjects: 0.107200 ms)

========================================================================
Received Import Request.
  Time since last request: 1546.050812 seconds.
  path: Assets
  artifactKey: Guid(00000000000000001000000000000000) Importer(815301076,1909f56bfc062723c751e8b465ee728b)
Start importing Assets using Guid(00000000000000001000000000000000) Importer(815301076,1909f56bfc062723c751e8b465ee728b)  -> (artifact id: 'b2e0e235c0f4af3754229b664788db90') in 0.007758 seconds
  Import took 0.010720 seconds .

========================================================================
Received Import Request.
  Time since last request: 11.874960 seconds.
  path: Assets/KeyCodeInfo.cs
  artifactKey: Guid(95df3c8a53f35cf40bb100249eeb63c0) Importer(815301076,1909f56bfc062723c751e8b465ee728b)
Start importing Assets/KeyCodeInfo.cs using Guid(95df3c8a53f35cf40bb100249eeb63c0) Importer(815301076,1909f56bfc062723c751e8b465ee728b)  -> (artifact id: '687fa3d5469ee77ce0e3005a8fd69ec2') in 0.006189 seconds
  Import took 0.010147 seconds .

========================================================================
Received Prepare
Registering precompiled user dll's ...
Registered in 0.007006 seconds.
Begin MonoManager ReloadAssembly
Native extension for WindowsStandalone target not found
Refreshing native plugins compatible for Editor in 0.46 ms, found 0 plugins.
Preloading 0 native plugins for Editor in 0.00 ms.
Invoked RoslynAnalysisRunner static constructor.
RoslynAnalysisRunner will not be running.
RoslynAnalysisRunner has terminated.
Mono: successfully reloaded assembly
- Completed reload, in  1.031 seconds
Platform modules already initialized, skipping
Refreshing native plugins compatible for Editor in 0.65 ms, found 0 plugins.
Preloading 0 native plugins for Editor in 0.00 ms.
Unloading 1451 Unused Serialized files (Serialized files now loaded: 0)
System memory in use before: 85.9 MB.
System memory in use after: 86.0 MB.

Unloading 23 unused Assets to reduce memory usage. Loaded Objects now: 2042.
Total: 2.332300 ms (FindLiveObjects: 0.287000 ms CreateObjectMapping: 0.096800 ms MarkObjects: 1.871500 ms  DeleteObjects: 0.075400 ms)

========================================================================
Received Prepare
Registering precompiled user dll's ...
Registered in 0.007119 seconds.
Begin MonoManager ReloadAssembly
Native extension for WindowsStandalone target not found
Refreshing native plugins compatible for Editor in 0.35 ms, found 0 plugins.
Preloading 0 native plugins for Editor in 0.00 ms.
Invoked RoslynAnalysisRunner static constructor.
RoslynAnalysisRunner will not be running.
RoslynAnalysisRunner has terminated.
Mono: successfully reloaded assembly
- Completed reload, in  0.855 seconds
Platform modules already initialized, skipping
Refreshing native plugins compatible for Editor in 0.37 ms, found 0 plugins.
Preloading 0 native plugins for Editor in 0.00 ms.
Unloading 1451 Unused Serialized files (Serialized files now loaded: 0)
System memory in use before: 85.9 MB.
System memory in use after: 86.0 MB.

Unloading 23 unused Assets to reduce memory usage. Loaded Objects now: 2046.
Total: 2.091200 ms (FindLiveObjects: 0.291600 ms CreateObjectMapping: 0.103300 ms MarkObjects: 1.587800 ms  DeleteObjects: 0.107100 ms)

========================================================================
Received Prepare
Registering precompiled user dll's ...
Registered in 0.007061 seconds.
Begin MonoManager ReloadAssembly
Native extension for WindowsStandalone target not found
Refreshing native plugins compatible for Editor in 0.54 ms, found 0 plugins.
Preloading 0 native plugins for Editor in 0.00 ms.
Invoked RoslynAnalysisRunner static constructor.
RoslynAnalysisRunner will not be running.
RoslynAnalysisRunner has terminated.
Mono: successfully reloaded assembly
- Completed reload, in  0.856 seconds
Platform modules already initialized, skipping
Refreshing native plugins compatible for Editor in 0.37 ms, found 0 plugins.
Preloading 0 native plugins for Editor in 0.00 ms.
Unloading 1451 Unused Serialized files (Serialized files now loaded: 0)
System memory in use before: 85.9 MB.
System memory in use after: 86.0 MB.

Unloading 23 unused Assets to reduce memory usage. Loaded Objects now: 2050.
Total: 1.951900 ms (FindLiveObjects: 0.222800 ms CreateObjectMapping: 0.093100 ms MarkObjects: 1.520600 ms  DeleteObjects: 0.101600 ms)

AssetImportWorkerClient::OnTransportError - code=2 error=End of file
